mode: set
github.com/caesar003/day3-golang-praisindo-advanced-unit-test/main.go:8.13,15.2 3 0
github.com/caesar003/day3-golang-praisindo-advanced-unit-test/router/router.go:9.33,21.2 9 0
github.com/caesar003/day3-golang-praisindo-advanced-unit-test/middleware/auth.go:9.39,10.30 1 1
github.com/caesar003/day3-golang-praisindo-advanced-unit-test/middleware/auth.go:10.30,12.10 2 1
github.com/caesar003/day3-golang-praisindo-advanced-unit-test/middleware/auth.go:12.10,16.4 3 1
github.com/caesar003/day3-golang-praisindo-advanced-unit-test/middleware/auth.go:18.3,24.15 3 1
github.com/caesar003/day3-golang-praisindo-advanced-unit-test/middleware/auth.go:24.15,28.4 3 1
github.com/caesar003/day3-golang-praisindo-advanced-unit-test/middleware/auth.go:30.3,30.11 1 1
github.com/caesar003/day3-golang-praisindo-advanced-unit-test/handler/handler.go:17.13,20.2 2 1
github.com/caesar003/day3-golang-praisindo-advanced-unit-test/handler/handler.go:22.34,26.2 1 1
github.com/caesar003/day3-golang-praisindo-advanced-unit-test/handler/handler.go:28.31,30.2 1 1
github.com/caesar003/day3-golang-praisindo-advanced-unit-test/handler/handler.go:32.30,35.16 2 1
github.com/caesar003/day3-golang-praisindo-advanced-unit-test/handler/handler.go:35.16,38.3 2 1
github.com/caesar003/day3-golang-praisindo-advanced-unit-test/handler/handler.go:40.2,42.26 2 1
github.com/caesar003/day3-golang-praisindo-advanced-unit-test/handler/handler.go:42.26,43.17 1 1
github.com/caesar003/day3-golang-praisindo-advanced-unit-test/handler/handler.go:43.17,45.9 2 1
github.com/caesar003/day3-golang-praisindo-advanced-unit-test/handler/handler.go:49.2,49.17 1 1
github.com/caesar003/day3-golang-praisindo-advanced-unit-test/handler/handler.go:49.17,52.3 2 1
github.com/caesar003/day3-golang-praisindo-advanced-unit-test/handler/handler.go:54.2,54.19 1 1
github.com/caesar003/day3-golang-praisindo-advanced-unit-test/handler/handler.go:57.30,59.48 2 1
github.com/caesar003/day3-golang-praisindo-advanced-unit-test/handler/handler.go:59.48,62.3 2 0
github.com/caesar003/day3-golang-praisindo-advanced-unit-test/handler/handler.go:64.2,70.34 6 1
github.com/caesar003/day3-golang-praisindo-advanced-unit-test/handler/handler.go:73.33,75.16 2 1
github.com/caesar003/day3-golang-praisindo-advanced-unit-test/handler/handler.go:75.16,78.3 2 0
github.com/caesar003/day3-golang-praisindo-advanced-unit-test/handler/handler.go:80.2,81.55 2 1
github.com/caesar003/day3-golang-praisindo-advanced-unit-test/handler/handler.go:81.55,84.3 2 0
github.com/caesar003/day3-golang-praisindo-advanced-unit-test/handler/handler.go:86.2,87.26 2 1
github.com/caesar003/day3-golang-praisindo-advanced-unit-test/handler/handler.go:87.26,88.17 1 1
github.com/caesar003/day3-golang-praisindo-advanced-unit-test/handler/handler.go:88.17,94.9 6 1
github.com/caesar003/day3-golang-praisindo-advanced-unit-test/handler/handler.go:98.2,98.17 1 1
github.com/caesar003/day3-golang-praisindo-advanced-unit-test/handler/handler.go:98.17,101.3 2 0
github.com/caesar003/day3-golang-praisindo-advanced-unit-test/handler/handler.go:103.2,103.19 1 1
github.com/caesar003/day3-golang-praisindo-advanced-unit-test/handler/handler.go:106.33,108.16 2 1
github.com/caesar003/day3-golang-praisindo-advanced-unit-test/handler/handler.go:108.16,111.3 2 0
github.com/caesar003/day3-golang-praisindo-advanced-unit-test/handler/handler.go:113.2,115.26 3 1
github.com/caesar003/day3-golang-praisindo-advanced-unit-test/handler/handler.go:115.26,116.17 1 1
github.com/caesar003/day3-golang-praisindo-advanced-unit-test/handler/handler.go:116.17,119.9 3 1
github.com/caesar003/day3-golang-praisindo-advanced-unit-test/handler/handler.go:123.2,123.17 1 1
github.com/caesar003/day3-golang-praisindo-advanced-unit-test/handler/handler.go:123.17,126.3 2 0
github.com/caesar003/day3-golang-praisindo-advanced-unit-test/handler/handler.go:128.2,130.47 2 1
